{"total": {"lines":{"total":612,"covered":381,"skipped":0,"pct":62.25},"statements":{"total":612,"covered":381,"skipped":0,"pct":62.25},"functions":{"total":32,"covered":21,"skipped":0,"pct":65.62},"branches":{"total":65,"covered":62,"skipped":0,"pct":95.38},"branchesTrue":{"total":0,"covered":0,"skipped":0,"pct":100}}
,"C:\\Users\\nanni\\Cursor_code\\choir-music-search\\backend\\services\\dataIngestion.ts": {"lines":{"total":402,"covered":174,"skipped":0,"pct":43.28},"functions":{"total":20,"covered":10,"skipped":0,"pct":50},"statements":{"total":402,"covered":174,"skipped":0,"pct":43.28},"branches":{"total":25,"covered":24,"skipped":0,"pct":96}}
,"C:\\Users\\nanni\\Cursor_code\\choir-music-search\\src\\App.tsx": {"lines":{"total":46,"covered":46,"skipped":0,"pct":100},"functions":{"total":2,"covered":2,"skipped":0,"pct":100},"statements":{"total":46,"covered":46,"skipped":0,"pct":100},"branches":{"total":9,"covered":8,"skipped":0,"pct":88.88}}
,"C:\\Users\\nanni\\Cursor_code\\choir-music-search\\src\\components\\ErrorAlert.tsx": {"lines":{"total":8,"covered":8,"skipped":0,"pct":100},"functions":{"total":1,"covered":1,"skipped":0,"pct":100},"statements":{"total":8,"covered":8,"skipped":0,"pct":100},"branches":{"total":3,"covered":3,"skipped":0,"pct":100}}
,"C:\\Users\\nanni\\Cursor_code\\choir-music-search\\src\\components\\SearchForm.tsx": {"lines":{"total":30,"covered":30,"skipped":0,"pct":100},"functions":{"total":3,"covered":3,"skipped":0,"pct":100},"statements":{"total":30,"covered":30,"skipped":0,"pct":100},"branches":{"total":9,"covered":9,"skipped":0,"pct":100}}
,"C:\\Users\\nanni\\Cursor_code\\choir-music-search\\src\\components\\SearchResults.tsx": {"lines":{"total":34,"covered":34,"skipped":0,"pct":100},"functions":{"total":1,"covered":1,"skipped":0,"pct":100},"statements":{"total":34,"covered":34,"skipped":0,"pct":100},"branches":{"total":4,"covered":3,"skipped":0,"pct":75}}
,"C:\\Users\\nanni\\Cursor_code\\choir-music-search\\src\\components\\VersionInfo.tsx": {"lines":{"total":36,"covered":33,"skipped":0,"pct":91.66},"functions":{"total":2,"covered":1,"skipped":0,"pct":50},"statements":{"total":36,"covered":33,"skipped":0,"pct":91.66},"branches":{"total":1,"covered":1,"skipped":0,"pct":100}}
,"C:\\Users\\nanni\\Cursor_code\\choir-music-search\\src\\components\\WelcomeMessage.tsx": {"lines":{"total":8,"covered":8,"skipped":0,"pct":100},"functions":{"total":1,"covered":1,"skipped":0,"pct":100},"statements":{"total":8,"covered":8,"skipped":0,"pct":100},"branches":{"total":1,"covered":1,"skipped":0,"pct":100}}
,"C:\\Users\\nanni\\Cursor_code\\choir-music-search\\src\\components\\index.ts": {"lines":{"total":6,"covered":6,"skipped":0,"pct":100},"functions":{"total":0,"covered":0,"skipped":0,"pct":100},"statements":{"total":6,"covered":6,"skipped":0,"pct":100},"branches":{"total":0,"covered":0,"skipped":0,"pct":100}}
,"C:\\Users\\nanni\\Cursor_code\\choir-music-search\\src\\services\\searchService.ts": {"lines":{"total":42,"covered":42,"skipped":0,"pct":100},"functions":{"total":2,"covered":2,"skipped":0,"pct":100},"statements":{"total":42,"covered":42,"skipped":0,"pct":100},"branches":{"total":13,"covered":13,"skipped":0,"pct":100}}
}
