{"total": {"lines":{"total":915,"covered":599,"skipped":0,"pct":65.46},"statements":{"total":915,"covered":599,"skipped":0,"pct":65.46},"functions":{"total":45,"covered":30,"skipped":0,"pct":66.66},"branches":{"total":98,"covered":93,"skipped":0,"pct":94.89},"branchesTrue":{"total":0,"covered":0,"skipped":0,"pct":100}}
,"C:\\Users\\nanni\\Cursor_code\\choir-music-search\\backend\\services\\dataIngestion.ts": {"lines":{"total":410,"covered":174,"skipped":0,"pct":42.43},"functions":{"total":20,"covered":10,"skipped":0,"pct":50},"statements":{"total":410,"covered":174,"skipped":0,"pct":42.43},"branches":{"total":25,"covered":24,"skipped":0,"pct":96}}
,"C:\\Users\\nanni\\Cursor_code\\choir-music-search\\src\\App.tsx": {"lines":{"total":76,"covered":70,"skipped":0,"pct":92.1},"functions":{"total":5,"covered":3,"skipped":0,"pct":60},"statements":{"total":76,"covered":70,"skipped":0,"pct":92.1},"branches":{"total":10,"covered":9,"skipped":0,"pct":90}}
,"C:\\Users\\nanni\\Cursor_code\\choir-music-search\\src\\components\\ErrorAlert.tsx": {"lines":{"total":8,"covered":8,"skipped":0,"pct":100},"functions":{"total":1,"covered":1,"skipped":0,"pct":100},"statements":{"total":8,"covered":8,"skipped":0,"pct":100},"branches":{"total":3,"covered":3,"skipped":0,"pct":100}}
,"C:\\Users\\nanni\\Cursor_code\\choir-music-search\\src\\components\\SearchFilters.tsx": {"lines":{"total":128,"covered":128,"skipped":0,"pct":100},"functions":{"total":7,"covered":6,"skipped":0,"pct":85.71},"statements":{"total":128,"covered":128,"skipped":0,"pct":100},"branches":{"total":14,"covered":14,"skipped":0,"pct":100}}
,"C:\\Users\\nanni\\Cursor_code\\choir-music-search\\src\\components\\SearchForm.tsx": {"lines":{"total":30,"covered":30,"skipped":0,"pct":100},"functions":{"total":3,"covered":3,"skipped":0,"pct":100},"statements":{"total":30,"covered":30,"skipped":0,"pct":100},"branches":{"total":9,"covered":9,"skipped":0,"pct":100}}
,"C:\\Users\\nanni\\Cursor_code\\choir-music-search\\src\\components\\SearchResults.tsx": {"lines":{"total":34,"covered":34,"skipped":0,"pct":100},"functions":{"total":1,"covered":1,"skipped":0,"pct":100},"statements":{"total":34,"covered":34,"skipped":0,"pct":100},"branches":{"total":4,"covered":3,"skipped":0,"pct":75}}
,"C:\\Users\\nanni\\Cursor_code\\choir-music-search\\src\\components\\VersionInfo.tsx": {"lines":{"total":36,"covered":33,"skipped":0,"pct":91.66},"functions":{"total":2,"covered":1,"skipped":0,"pct":50},"statements":{"total":36,"covered":33,"skipped":0,"pct":91.66},"branches":{"total":1,"covered":1,"skipped":0,"pct":100}}
,"C:\\Users\\nanni\\Cursor_code\\choir-music-search\\src\\components\\WelcomeMessage.tsx": {"lines":{"total":61,"covered":61,"skipped":0,"pct":100},"functions":{"total":2,"covered":2,"skipped":0,"pct":100},"statements":{"total":61,"covered":61,"skipped":0,"pct":100},"branches":{"total":14,"covered":13,"skipped":0,"pct":92.85}}
,"C:\\Users\\nanni\\Cursor_code\\choir-music-search\\src\\components\\index.ts": {"lines":{"total":7,"covered":7,"skipped":0,"pct":100},"functions":{"total":0,"covered":0,"skipped":0,"pct":100},"statements":{"total":7,"covered":7,"skipped":0,"pct":100},"branches":{"total":0,"covered":0,"skipped":0,"pct":100}}
,"C:\\Users\\nanni\\Cursor_code\\choir-music-search\\src\\services\\exampleSongsService.ts": {"lines":{"total":71,"covered":0,"skipped":0,"pct":0},"functions":{"total":1,"covered":0,"skipped":0,"pct":0},"statements":{"total":71,"covered":0,"skipped":0,"pct":0},"branches":{"total":1,"covered":0,"skipped":0,"pct":0}}
,"C:\\Users\\nanni\\Cursor_code\\choir-music-search\\src\\services\\searchService.ts": {"lines":{"total":54,"covered":54,"skipped":0,"pct":100},"functions":{"total":3,"covered":3,"skipped":0,"pct":100},"statements":{"total":54,"covered":54,"skipped":0,"pct":100},"branches":{"total":17,"covered":17,"skipped":0,"pct":100}}
}
